{"/Users/nikolyazamyatin/05-classes-inheritance/02/src/js/bowman.js": {"path":"/Users/nikolyazamyatin/05-classes-inheritance/02/src/js/bowman.js","statementMap":{"0":{"start":{"line":5,"column":4},"end":{"line":5,"column":22}},"1":{"start":{"line":6,"column":4},"end":{"line":6,"column":25}}},"fnMap":{"0":{"name":"(anonymous_0)","decl":{"start":{"line":4,"column":2},"end":{"line":4,"column":3}},"loc":{"start":{"line":4,"column":34},"end":{"line":7,"column":3}},"line":4}},"branchMap":{},"s":{"0":5,"1":5},"f":{"0":5},"b":{},"_coverageSchema":"1a1c01bbd47fc00a2c39e90264f33305004495a9","hash":"bf115bc22f8235efe4934bfb3262616015042924"}
,"/Users/nikolyazamyatin/05-classes-inheritance/02/src/js/character.js": {"path":"/Users/nikolyazamyatin/05-classes-inheritance/02/src/js/character.js","statementMap":{"0":{"start":{"line":3,"column":4},"end":{"line":7,"column":5}},"1":{"start":{"line":4,"column":6},"end":{"line":4,"column":32}},"2":{"start":{"line":6,"column":6},"end":{"line":6,"column":15}},"3":{"start":{"line":8,"column":4},"end":{"line":8,"column":21}},"4":{"start":{"line":9,"column":4},"end":{"line":9,"column":21}},"5":{"start":{"line":10,"column":4},"end":{"line":10,"column":22}},"6":{"start":{"line":11,"column":4},"end":{"line":11,"column":19}},"7":{"start":{"line":12,"column":4},"end":{"line":12,"column":35}},"8":{"start":{"line":13,"column":4},"end":{"line":13,"column":37}},"9":{"start":{"line":17,"column":4},"end":{"line":19,"column":5}},"10":{"start":{"line":18,"column":6},"end":{"line":18,"column":72}},"11":{"start":{"line":20,"column":18},"end":{"line":20,"column":83}},"12":{"start":{"line":21,"column":4},"end":{"line":23,"column":5}},"13":{"start":{"line":22,"column":6},"end":{"line":22,"column":44}},"14":{"start":{"line":27,"column":21},"end":{"line":34,"column":5}},"15":{"start":{"line":35,"column":4},"end":{"line":35,"column":31}},"16":{"start":{"line":39,"column":21},"end":{"line":46,"column":5}},"17":{"start":{"line":47,"column":4},"end":{"line":47,"column":31}},"18":{"start":{"line":51,"column":4},"end":{"line":60,"column":5}},"19":{"start":{"line":52,"column":6},"end":{"line":52,"column":22}},"20":{"start":{"line":53,"column":6},"end":{"line":53,"column":39}},"21":{"start":{"line":54,"column":6},"end":{"line":54,"column":41}},"22":{"start":{"line":55,"column":6},"end":{"line":57,"column":31}},"23":{"start":{"line":56,"column":8},"end":{"line":56,"column":59}},"24":{"start":{"line":57,"column":13},"end":{"line":57,"column":31}},"25":{"start":{"line":59,"column":6},"end":{"line":59,"column":15}},"26":{"start":{"line":64,"column":4},"end":{"line":66,"column":5}},"27":{"start":{"line":65,"column":4},"end":{"line":65,"column":53}}},"fnMap":{"0":{"name":"(anonymous_0)","decl":{"start":{"line":2,"column":2},"end":{"line":2,"column":3}},"loc":{"start":{"line":2,"column":26},"end":{"line":14,"column":3}},"line":2},"1":{"name":"(anonymous_1)","decl":{"start":{"line":16,"column":2},"end":{"line":16,"column":3}},"loc":{"start":{"line":16,"column":23},"end":{"line":24,"column":3}},"line":16},"2":{"name":"(anonymous_2)","decl":{"start":{"line":26,"column":2},"end":{"line":26,"column":3}},"loc":{"start":{"line":26,"column":14},"end":{"line":36,"column":3}},"line":26},"3":{"name":"(anonymous_3)","decl":{"start":{"line":38,"column":2},"end":{"line":38,"column":3}},"loc":{"start":{"line":38,"column":15},"end":{"line":48,"column":3}},"line":38},"4":{"name":"(anonymous_4)","decl":{"start":{"line":50,"column":2},"end":{"line":50,"column":3}},"loc":{"start":{"line":50,"column":12},"end":{"line":61,"column":3}},"line":50},"5":{"name":"(anonymous_5)","decl":{"start":{"line":63,"column":2},"end":{"line":63,"column":3}},"loc":{"start":{"line":63,"column":17},"end":{"line":67,"column":3}},"line":63}},"branchMap":{"0":{"loc":{"start":{"line":17,"column":4},"end":{"line":19,"column":5}},"type":"if","locations":[{"start":{"line":17,"column":4},"end":{"line":19,"column":5}},{"start":{},"end":{}}],"line":17},"1":{"loc":{"start":{"line":17,"column":8},"end":{"line":17,"column":71}},"type":"binary-expr","locations":[{"start":{"line":17,"column":8},"end":{"line":17,"column":32}},{"start":{"line":17,"column":36},"end":{"line":17,"column":51}},{"start":{"line":17,"column":55},"end":{"line":17,"column":71}}],"line":17},"2":{"loc":{"start":{"line":21,"column":4},"end":{"line":23,"column":5}},"type":"if","locations":[{"start":{"line":21,"column":4},"end":{"line":23,"column":5}},{"start":{},"end":{}}],"line":21},"3":{"loc":{"start":{"line":55,"column":6},"end":{"line":57,"column":31}},"type":"if","locations":[{"start":{"line":55,"column":6},"end":{"line":57,"column":31}},{"start":{"line":57,"column":13},"end":{"line":57,"column":31}}],"line":55},"4":{"loc":{"start":{"line":64,"column":4},"end":{"line":66,"column":5}},"type":"if","locations":[{"start":{"line":64,"column":4},"end":{"line":66,"column":5}},{"start":{},"end":{}}],"line":64}},"s":{"0":9,"1":9,"2":3,"3":6,"4":6,"5":6,"6":6,"7":6,"8":6,"9":9,"10":2,"11":7,"12":7,"13":1,"14":6,"15":6,"16":6,"17":6,"18":2,"19":2,"20":2,"21":2,"22":2,"23":1,"24":1,"25":1,"26":2,"27":1},"f":{"0":9,"1":9,"2":6,"3":6,"4":2,"5":2},"b":{"0":[2,7],"1":[9,8,7],"2":[1,6],"3":[1,1],"4":[1,1]},"_coverageSchema":"1a1c01bbd47fc00a2c39e90264f33305004495a9","hash":"56d684bc3ea608613f38224dbe673a1be9c74db8"}
}
