TN:
SF:src/js/class/bowerman.js
FN:4,(anonymous_0)
FNF:1
FNH:1
FNDA:5,(anonymous_0)
DA:5,5
DA:6,5
DA:7,5
LF:3
LH:3
BRF:0
BRH:0
end_of_record
TN:
SF:src/js/class/character.js
FN:4,(anonymous_0)
FN:19,(anonymous_1)
FN:29,(anonymous_2)
FNF:3
FNH:3
FNDA:14,(anonymous_0)
FNDA:2,(anonymous_1)
FNDA:2,(anonymous_2)
DA:2,7
DA:5,14
DA:6,2
DA:8,12
DA:9,1
DA:11,11
DA:12,11
DA:13,11
DA:14,11
DA:15,11
DA:16,11
DA:20,2
DA:21,1
DA:23,1
DA:24,1
DA:25,1
DA:26,1
DA:30,2
DA:31,2
DA:32,1
LF:20
LH:20
BRDA:5,0,0,2
BRDA:5,0,1,12
BRDA:5,1,0,14
BRDA:5,1,1,13
BRDA:5,1,2,12
BRDA:8,2,0,1
BRDA:8,2,1,11
BRDA:20,3,0,1
BRDA:20,3,1,1
BRDA:31,4,0,1
BRDA:31,4,1,1
BRF:11
BRH:11
end_of_record
TN:
SF:src/js/class/daemon.js
FN:4,(anonymous_0)
FNF:1
FNH:1
FNDA:1,(anonymous_0)
DA:5,1
DA:6,1
DA:7,1
LF:3
LH:3
BRF:0
BRH:0
end_of_record
TN:
SF:src/js/class/magician.js
FN:4,(anonymous_0)
FNF:1
FNH:1
FNDA:1,(anonymous_0)
DA:5,1
DA:6,1
DA:7,1
LF:3
LH:3
BRF:0
BRH:0
end_of_record
TN:
SF:src/js/class/swordsman.js
FN:4,(anonymous_0)
FNF:1
FNH:1
FNDA:1,(anonymous_0)
DA:5,1
DA:6,1
DA:7,1
LF:3
LH:3
BRF:0
BRH:0
end_of_record
TN:
SF:src/js/class/undead.js
FN:4,(anonymous_0)
FNF:1
FNH:1
FNDA:1,(anonymous_0)
DA:5,1
DA:6,1
DA:7,1
LF:3
LH:3
BRF:0
BRH:0
end_of_record
TN:
SF:src/js/class/zombie.js
FN:4,(anonymous_0)
FNF:1
FNH:1
FNDA:1,(anonymous_0)
DA:5,1
DA:6,1
DA:7,1
LF:3
LH:3
BRF:0
BRH:0
end_of_record
