TN:
SF:src/js/bowman.js
FN:4,(anonymous_0)
FNF:1
FNH:1
FNDA:5,(anonymous_0)
DA:5,5
DA:6,5
LF:2
LH:2
BRF:0
BRH:0
end_of_record
TN:
SF:src/js/character.js
FN:2,(anonymous_0)
FN:16,(anonymous_1)
FN:26,(anonymous_2)
FN:38,(anonymous_3)
FN:50,(anonymous_4)
FN:63,(anonymous_5)
FNF:6
FNH:6
FNDA:9,(anonymous_0)
FNDA:9,(anonymous_1)
FNDA:6,(anonymous_2)
FNDA:6,(anonymous_3)
FNDA:2,(anonymous_4)
FNDA:2,(anonymous_5)
DA:3,9
DA:4,9
DA:6,3
DA:8,6
DA:9,6
DA:10,6
DA:11,6
DA:12,6
DA:13,6
DA:17,9
DA:18,2
DA:20,7
DA:21,7
DA:22,1
DA:27,6
DA:35,6
DA:39,6
DA:47,6
DA:51,2
DA:52,2
DA:53,2
DA:54,2
DA:55,2
DA:56,1
DA:57,1
DA:59,1
DA:64,2
DA:65,1
LF:28
LH:28
BRDA:17,0,0,2
BRDA:17,0,1,7
BRDA:17,1,0,9
BRDA:17,1,1,8
BRDA:17,1,2,7
BRDA:21,2,0,1
BRDA:21,2,1,6
BRDA:55,3,0,1
BRDA:55,3,1,1
BRDA:64,4,0,1
BRDA:64,4,1,1
BRF:11
BRH:11
end_of_record
